<?xml version="1.0" encoding="UTF-8"?>
<!-- Generated by org.testng.reporters.JUnitXMLReporter -->
<testsuite ignored="1" hostname="DESKTOP-1J6Q2U8" failures="0" tests="2" name="Default test" time="0.053" errors="0" timestamp="2025-05-22T16:27:24 IST">
  <testcase classname="Testcase55" name="APIlogin" time="0.007"/>
  <testcase classname="Testcase55" name="MobileLogin" time="0.001"/>
  <testcase classname="Testcase55" name="Weblogin" time="0.0">
    <ignored/>
  </testcase> <!-- Weblogin -->
</testsuite> <!-- Default test -->
