<?xml version="1.0" encoding="UTF-8"?>
<testng-results ignored="0" total="1" passed="1" failed="0" skipped="0">
  <reporter-output>
  </reporter-output>
  <suite started-at="2025-05-22T17:32:04 IST" name="MobilewebAPI" finished-at="2025-05-22T17:32:04 IST" duration-ms="51">
    <groups>
    </groups>
    <test started-at="2025-05-22T17:32:04 IST" name="Test" finished-at="2025-05-22T17:32:04 IST" duration-ms="51">
      <class name="Testcase55">
        <test-method signature="Weblogin()[pri:0, instance:Testcase55@76ed1b7c]" started-at="2025-05-22T17:32:04 IST" name="Weblogin" finished-at="2025-05-22T17:32:04 IST" duration-ms="8" status="PASS">
          <reporter-output>
          </reporter-output>
        </test-method> <!-- Weblogin -->
      </class> <!-- Testcase55 -->
    </test> <!-- Test -->
  </suite> <!-- MobilewebAPI -->
</testng-results>
