<?xml version="1.0" encoding="UTF-8"?>
<!-- Generated by org.testng.reporters.JUnitXMLReporter -->
<testsuite ignored="2" hostname="DESKTOP-1J6Q2U8" failures="0" tests="1" name="Test" time="0.051" errors="0" timestamp="2025-05-22T17:32:04 IST">
  <testcase classname="Testcase55" name="Weblogin" time="0.008"/>
  <testcase classname="Testcase55" name="APIlogin" time="0.0">
    <ignored/>
  </testcase> <!-- APIlogin -->
  <testcase classname="Testcase55" name="MobileLogin" time="0.0">
    <ignored/>
  </testcase> <!-- MobileLogin -->
</testsuite> <!-- Test -->
